#
# A fatal error has been detected by the Java Runtime Environment:
#
#  SIGBUS (0xa) at pc=0x00007fff73908524, pid=3137, tid=0x0000000000005403
#
# JRE version: OpenJDK Runtime Environment (8.0_152-b06) (build 1.8.0_152-release-1136-b06)
# Java VM: OpenJDK 64-Bit Server VM (25.152-b06 mixed mode bsd-amd64 compressed oops)
# Problematic frame:
# C  [libsystem_platform.dylib+0x1524]  _platform_memmove$VARIANT$Nehalem+0x124
#
# Failed to write core dump. Core dumps have been disabled. To enable core dumping, try "ulimit -c unlimited" before starting Java again
#
# If you would like to submit a bug report, please visit:
#   http://bugreport.java.com/bugreport/crash.jsp
#

---------------  T H R E A D  ---------------

Current thread (0x00007ffb82810000):  GCTaskThread [stack: 0x000070000b9ce000,0x000070000bace000] [id=21507]

siginfo: si_signo: 10 (SIGBUS), si_code: 2 (BUS_ADRERR), si_addr: 0x0000000768f66000

Registers:
RAX=0x0000000768f65f38, RBX=0x00007ffb8401d540, RCX=0x0000000000000008, RDX=0x0000000000000000
RSP=0x000070000bacdbe0, RBP=0x000070000bacdbe0, RSI=0x00000007bb241550, RDI=0x0000000768f66000
R8 =0x0000000000000000, R9 =0x0000000000000000, R10=0x00007ffb8250cd48, R11=0xffffffffadd24af0
R12=0x0000000000000001, R13=0x00000007bb241448, R14=0x0000000768f65f38, R15=0x0000000768f65f38
RIP=0x00007fff73908524, EFLAGS=0x0000000000010246, ERR=0x0000000000000006
  TRAPNO=0x000000000000000e

Top of Stack: (sp=0x000070000bacdbe0)
0x000070000bacdbe0:   000070000bacdc70 0000000109e9f66c
0x000070000bacdbf0:   000070000bacdc84 00000007b6788000
0x000070000bacdc00:   0000000000001000 0000000768f64348
0x000070000bacdc10:   0000000000000400 00000007bb2388d2
0x000070000bacdc20:   0000000000000009 0000000000000009
0x000070000bacdc30:   00000007bb241448 00007ffb8401d540
0x000070000bacdc40:   0000000000000029 0000000768f65f2d
0x000070000bacdc50:   000000010a22752b 00007ffb8401d540
0x000070000bacdc60:   0000000768f65f2c 000000010a216500
0x000070000bacdc70:   000070000bacdca0 0000000109e9ec44
0x000070000bacdc80:   0000000768f65f2d 000000010a22bdb0
0x000070000bacdc90:   00007ffb8401d5a0 00007ffb8401d5d8
0x000070000bacdca0:   000070000bacdcf0 0000000109e9ead6
0x000070000bacdcb0:   00000007c0001868 0000000768f65f2d
0x000070000bacdcc0:   0000000761ca61d0 0000000761ca6200
0x000070000bacdcd0:   000000010a86a531 000000010a86a581
0x000070000bacdce0:   0000000761ca6260 0000000000000240
0x000070000bacdcf0:   000070000bacdd90 0000000109b4347d
0x000070000bacdd00:   000000010a86a501 000000010a86a400
0x000070000bacdd10:   0000000000000200 000000010a86a580
0x000070000bacdd20:   000000010a8a38fe 000000010a8a38fd
0x000070000bacdd30:   0000000768f1fab0 0000000761cb0000
0x000070000bacdd40:   0000000000000100 00007ffb8401d540
0x000070000bacdd50:   0000000761ca1888 00007ffb8250bf20
0x000070000bacdd60:   00007ffb82705900 00007ffb82512740
0x000070000bacdd70:   00007ffb82512740 0000000109fd823a
0x000070000bacdd80:   00007ffb8401d540 0000000000000001
0x000070000bacdd90:   000070000bacddc0 0000000109ea237f
0x000070000bacdda0:   00007ffb00000004 00007ffb875dc9f0
0x000070000bacddb0:   00007ffb82810000 0000000000000000
0x000070000bacddc0:   000070000bacdea0 0000000109c5f484
0x000070000bacddd0:   00007ffb82511500 00007ffb82810000 

Instructions: (pc=0x00007fff73908524)
0x00007fff73908504:   c6 40 48 83 ea 40 77 d4 0f 1f 40 00 0f 10 2c 16
0x00007fff73908514:   0f 10 74 16 10 0f 10 7c 16 20 44 0f 10 44 16 30
0x00007fff73908524:   0f 29 0f 0f 29 57 10 0f 29 5f 20 0f 29 67 30 0f
0x00007fff73908534:   11 6c 17 40 0f 11 74 17 50 0f 11 7c 17 60 44 0f 

Register to memory mapping:

RAX=0x0000000768f65f38 is an oop
[C 
 - klass: {type array char}
 - length: 153
RBX=0x00007ffb8401d540 is an unknown value
RCX=0x0000000000000008 is an unknown value
RDX=0x0000000000000000 is an unknown value
RSP=0x000070000bacdbe0 is an unknown value
RBP=0x000070000bacdbe0 is an unknown value
RSI=0x00000007bb241550 is an oop
